<?xml version="1.0" encoding="UTF-8"?>
<!-- Generated by org.testng.reporters.JUnitReportReporter -->
<testsuite skipped="0" hostname="shivangi.goyal" name="com.selenium.AppTest" tests="2" failures="0" timestamp="2019-02-26T15:09:02 IST" time="17.089" errors="0">
  <testcase name="testList" time="6.891" classname="com.selenium.AppTest"/>
  <testcase name="TestExample" time="10.198" classname="com.selenium.AppTest"/>
</testsuite> <!-- com.selenium.AppTest -->
